

*******************************************************************************
Thu Mar  5 17:55:42 2020


FIT:    data read from 'salida_burbuja.dat'
        format = z
        #datapoints = 25
        residuals are weighted equally (unit weight)

function used for fitting: f(x)
	f(x) = a*x*x+b*x+c
fitted parameters initialized with current variable values

iter      chisq       delta/lim  lambda   a             b             c            
   0 2.1538562559e+18   0.00e+00  1.69e+08    1.000000e+00   1.000000e+00   1.000000e+00
  12 2.6368446605e-03  -5.70e-05  1.69e-04    2.559550e-09  -1.777114e-06   5.283305e-05

After 12 iterations the fit converged.
final sum of squares of residuals : 0.00263684
rel. change during last iteration : -5.7029e-10

degrees of freedom    (FIT_NDF)                        : 22
rms of residuals      (FIT_STDFIT) = sqrt(WSSR/ndf)    : 0.0109479
variance of residuals (reduced chisquare) = WSSR/ndf   : 0.000119857

Final set of parameters            Asymptotic Standard Error
=======================            ==========================
a               = 2.55955e-09      +/- 4.719e-11    (1.844%)
b               = -1.77711e-06     +/- 1.264e-06    (71.13%)
c               = 5.2833e-05       +/- 0.007132     (1.35e+04%)

correlation matrix of the fit parameters:
                a      b      c      
a               1.000 
b              -0.971  1.000 
c               0.774 -0.884  1.000 


*******************************************************************************
Thu Mar  5 18:15:21 2020


FIT:    data read from 'salida_mergesort.dat'
        format = z
        #datapoints = 25
        residuals are weighted equally (unit weight)

function used for fitting: f(x)
	f(x) = a*x*(log(x)/log(2))+b
fitted parameters initialized with current variable values

iter      chisq       delta/lim  lambda   a             b            
   0 6.8599295740e+00   0.00e+00  1.17e-01    2.559550e-09  -1.777114e-06
   3 2.0446510864e-02  -5.96e-01  1.17e-04    1.062705e-08  -1.399595e-06

After 3 iterations the fit converged.
final sum of squares of residuals : 0.0204465
rel. change during last iteration : -5.96059e-06

degrees of freedom    (FIT_NDF)                        : 23
rms of residuals      (FIT_STDFIT) = sqrt(WSSR/ndf)    : 0.0298157
variance of residuals (reduced chisquare) = WSSR/ndf   : 0.000888979

Final set of parameters            Asymptotic Standard Error
=======================            ==========================
a               = 1.06271e-08      +/- 1.831e-10    (1.723%)
b               = -1.3996e-06      +/- 0.01187      (8.482e+05%)

correlation matrix of the fit parameters:
                a      b      
a               1.000 
b              -0.865  1.000 


*******************************************************************************
Thu Mar  5 18:20:38 2020


FIT:    data read from 'salida_floyd.dat'
        format = z
        #datapoints = 25
        residuals are weighted equally (unit weight)

function used for fitting: f(x)
	f(x) = a*x*x*x+b*x*x+c*x+d
fitted parameters initialized with current variable values

iter      chisq       delta/lim  lambda   a             b             c             d            
   0 5.1923301447e+01   0.00e+00  1.05e+00    1.062705e-08  -1.399595e-06   5.283305e-05   1.000000e+00
   5 8.0543527898e-04  -3.44e-03  1.05e-05    5.066579e-09  -2.822820e-08   6.021147e-05  -3.357679e-03

After 5 iterations the fit converged.
final sum of squares of residuals : 0.000805435
rel. change during last iteration : -3.43742e-08

degrees of freedom    (FIT_NDF)                        : 21
rms of residuals      (FIT_STDFIT) = sqrt(WSSR/ndf)    : 0.00619307
variance of residuals (reduced chisquare) = WSSR/ndf   : 3.83541e-05

Final set of parameters            Asymptotic Standard Error
=======================            ==========================
a               = 5.06658e-09      +/- 1.571e-10    (3.101%)
b               = -2.82282e-08     +/- 1.862e-07    (659.6%)
c               = 6.02115e-05      +/- 6.316e-05    (104.9%)
d               = -0.00335768      +/- 0.005802     (172.8%)

correlation matrix of the fit parameters:
                a      b      c      d      
a               1.000 
b              -0.987  1.000 
c               0.926 -0.973  1.000 
d              -0.719  0.795 -0.898  1.000 


*******************************************************************************
Thu Mar  5 20:07:36 2020


FIT:    data read from 'salida_hanoi.dat'
        format = z
        #datapoints = 25
        residuals are weighted equally (unit weight)

function used for fitting: f(x)
	f(x) = a*(2**n)+b
fitted parameters initialized with current variable values



*******************************************************************************
Thu Mar  5 20:07:47 2020


FIT:    data read from 'salida_hanoi.dat'
        format = z
        #datapoints = 25
        residuals are weighted equally (unit weight)

function used for fitting: f(x)
	f(x) = a*(2**x)+b
fitted parameters initialized with current variable values

iter      chisq       delta/lim  lambda   a             b            
   0 2.9513176349e+02   0.00e+00  1.42e+01    5.066579e-09  -2.822820e-08
   3 3.3685312393e-01  -1.35e-03  1.42e-02    4.201072e-09  -2.822816e-08

After 3 iterations the fit converged.
final sum of squares of residuals : 0.336853
rel. change during last iteration : -1.34534e-08

degrees of freedom    (FIT_NDF)                        : 23
rms of residuals      (FIT_STDFIT) = sqrt(WSSR/ndf)    : 0.12102
variance of residuals (reduced chisquare) = WSSR/ndf   : 0.0146458

Final set of parameters            Asymptotic Standard Error
=======================            ==========================
a               = 4.20107e-09      +/- 6.503e-12    (0.1548%)
b               = -2.82282e-08     +/- 0.0258       (9.14e+07%)

correlation matrix of the fit parameters:
                a      b      
a               1.000 
b              -0.346  1.000 


*******************************************************************************
Thu Mar  5 20:10:58 2020


FIT:    data read from 'salida_mergesort.dat'
        format = z
        #datapoints = 25
        residuals are weighted equally (unit weight)

function used for fitting: f(x)
	f(x) = a*x+b
fitted parameters initialized with current variable values

iter      chisq       delta/lim  lambda   a             b            
   0 1.1461731312e+01   0.00e+00  8.83e-03    4.201072e-09  -2.822816e-08
   3 1.6334644779e-02  -1.16e-03  8.83e-06    2.317733e-07  -2.906226e-08

After 3 iterations the fit converged.
final sum of squares of residuals : 0.0163346
rel. change during last iteration : -1.15946e-08

degrees of freedom    (FIT_NDF)                        : 23
rms of residuals      (FIT_STDFIT) = sqrt(WSSR/ndf)    : 0.0266496
variance of residuals (reduced chisquare) = WSSR/ndf   : 0.000710202

Final set of parameters            Asymptotic Standard Error
=======================            ==========================
a               = 2.31773e-07      +/- 3.696e-09    (1.595%)
b               = -2.90623e-08     +/- 0.01099      (3.781e+07%)

correlation matrix of the fit parameters:
                a      b      
a               1.000 
b              -0.874  1.000 


*******************************************************************************
Thu Mar  5 20:13:30 2020


FIT:    data read from 'salida_floyd.dat'
        format = z
        #datapoints = 25
        residuals are weighted equally (unit weight)

function used for fitting: f(x)
	f(x) = a*x*x+b*x+c
fitted parameters initialized with current variable values

iter      chisq       delta/lim  lambda   a             b             c            
   0 1.6783231125e+01   0.00e+00  3.53e-02    2.317733e-07  -2.906226e-08   6.021147e-05
   7 4.0689190747e-02  -7.91e-02  3.53e-09    5.899669e-06  -1.825772e-03   1.310870e-01

After 7 iterations the fit converged.
final sum of squares of residuals : 0.0406892
rel. change during last iteration : -7.91264e-07

degrees of freedom    (FIT_NDF)                        : 22
rms of residuals      (FIT_STDFIT) = sqrt(WSSR/ndf)    : 0.0430059
variance of residuals (reduced chisquare) = WSSR/ndf   : 0.00184951

Final set of parameters            Asymptotic Standard Error
=======================            ==========================
a               = 5.89967e-06      +/- 2.06e-07     (3.491%)
b               = -0.00182577      +/- 0.0001655    (9.065%)
c               = 0.131087         +/- 0.02801      (21.37%)

correlation matrix of the fit parameters:
                a      b      c      
a               1.000 
b              -0.971  1.000 
c               0.774 -0.884  1.000 


*******************************************************************************
Thu Mar  5 20:13:42 2020


FIT:    data read from 'salida_floyd.dat'
        format = z
        #datapoints = 25
        residuals are weighted equally (unit weight)

function used for fitting: f(x)
	f(x) = a*x*x+b*x+c
fitted parameters initialized with current variable values

iter      chisq       delta/lim  lambda   a             b             c             d            
   0 4.0689190747e-02   0.00e+00  8.82e-01    5.899669e-06  -1.825772e-03   1.310870e-01  -3.357679e-03
BREAK: Singular matrix in Invert_RtR

*******************************************************************************
Thu Mar  5 20:14:32 2020


FIT:    data read from 'salida_floyd.dat'
        format = z
        #datapoints = 25
        residuals are weighted equally (unit weight)

function used for fitting: f(x)
	f(x) = a*x*x+b*x+c
fitted parameters initialized with current variable values

iter      chisq       delta/lim  lambda   a             b             c            
   0 4.0689190747e-02   0.00e+00  1.02e+00    5.899669e-06  -1.825772e-03   1.310870e-01
   1 4.0689190747e-02  -3.41e-11  1.02e+00    5.899669e-06  -1.825772e-03   1.310870e-01

After 1 iterations the fit converged.
final sum of squares of residuals : 0.0406892
rel. change during last iteration : -3.41068e-16

degrees of freedom    (FIT_NDF)                        : 22
rms of residuals      (FIT_STDFIT) = sqrt(WSSR/ndf)    : 0.0430059
variance of residuals (reduced chisquare) = WSSR/ndf   : 0.00184951

Final set of parameters            Asymptotic Standard Error
=======================            ==========================
a               = 5.89967e-06      +/- 2.06e-07     (3.491%)
b               = -0.00182577      +/- 0.0001655    (9.065%)
c               = 0.131087         +/- 0.02801      (21.37%)

correlation matrix of the fit parameters:
                a      b      c      
a               1.000 
b              -0.971  1.000 
c               0.774 -0.884  1.000 


*******************************************************************************
Fri Mar  6 19:27:16 2020


FIT:    data read from 'salida_burbuja.dat'
        format = z
        #datapoints = 25
        residuals are weighted equally (unit weight)

function used for fitting: f(x)
	f(x) = a*x*x+b*x+c
fitted parameters initialized with current variable values

iter      chisq       delta/lim  lambda   a             b             c            
   0 7.2649443965e+07   0.00e+00  1.00e+03    5.899669e-06  -1.825772e-03   1.310870e-01
   7 2.6368446605e-03  -3.44e-01  1.00e-04    2.559550e-09  -1.777115e-06   5.283458e-05

After 7 iterations the fit converged.
final sum of squares of residuals : 0.00263684
rel. change during last iteration : -3.44466e-06

degrees of freedom    (FIT_NDF)                        : 22
rms of residuals      (FIT_STDFIT) = sqrt(WSSR/ndf)    : 0.0109479
variance of residuals (reduced chisquare) = WSSR/ndf   : 0.000119857

Final set of parameters            Asymptotic Standard Error
=======================            ==========================
a               = 2.55955e-09      +/- 4.719e-11    (1.844%)
b               = -1.77711e-06     +/- 1.264e-06    (71.13%)
c               = 5.28346e-05      +/- 0.007132     (1.35e+04%)

correlation matrix of the fit parameters:
                a      b      c      
a               1.000 
b              -0.971  1.000 
c               0.774 -0.884  1.000 


*******************************************************************************
Tue Mar 10 23:00:01 2020


FIT:    data read from 'salida_mergesort.dat'
        format = z
        #datapoints = 25
        residuals are weighted equally (unit weight)

function used for fitting: f(x)
	f(x)=a*x*(log(x)/log(2))+b
fitted parameters initialized with current variable values

iter      chisq       delta/lim  lambda   a             b             b            
   0 1.0508594126e+17   0.00e+00  3.74e+07    1.000000e+00   1.000000e+00   1.000000e+00
BREAK: Singular matrix in Invert_RtR

*******************************************************************************
Tue Mar 10 23:02:00 2020


FIT:    data read from 'salida_mergesort.dat'
        format = z
        #datapoints = 25
        residuals are weighted equally (unit weight)

function used for fitting: f(x)
	f(x) = a*x*(log(x)/log(2))+b
fitted parameters initialized with current variable values

iter      chisq       delta/lim  lambda   a             b            
   0 6.0144129587e+00   0.00e+00  7.19e-01   -2.710072e-09   1.001000e+00
   4 1.6238126328e-02  -7.68e-04  7.19e-05    1.028255e-08   2.582891e-02

After 4 iterations the fit converged.
final sum of squares of residuals : 0.0162381
rel. change during last iteration : -7.67634e-09

degrees of freedom    (FIT_NDF)                        : 23
rms of residuals      (FIT_STDFIT) = sqrt(WSSR/ndf)    : 0.0265708
variance of residuals (reduced chisquare) = WSSR/ndf   : 0.000706005

Final set of parameters            Asymptotic Standard Error
=======================            ==========================
a               = 1.02826e-08      +/- 1.632e-10    (1.587%)
b               = 0.0258289        +/- 0.01058      (40.96%)

correlation matrix of the fit parameters:
                a      b      
a               1.000 
b              -0.865  1.000 


*******************************************************************************
Tue Mar 10 23:04:15 2020


FIT:    data read from 'salida_floyd.dat'
        format = z
        #datapoints = 25
        residuals are weighted equally (unit weight)

function used for fitting: f(x)
	f(x) = a*x*x*x+b*x*x+c*x+d
fitted parameters initialized with current variable values

iter      chisq       delta/lim  lambda   a             b             c             d            
   0 1.3166636160e+09   0.00e+00  3.42e+03    1.028255e-08   2.582891e-02   1.000000e+00   1.000000e+00
   8 8.0543527898e-04  -5.11e-08  3.42e-05    5.066579e-09  -2.822826e-08   6.021149e-05  -3.357681e-03

After 8 iterations the fit converged.
final sum of squares of residuals : 0.000805435
rel. change during last iteration : -5.10848e-13

degrees of freedom    (FIT_NDF)                        : 21
rms of residuals      (FIT_STDFIT) = sqrt(WSSR/ndf)    : 0.00619307
variance of residuals (reduced chisquare) = WSSR/ndf   : 3.83541e-05

Final set of parameters            Asymptotic Standard Error
=======================            ==========================
a               = 5.06658e-09      +/- 1.571e-10    (3.101%)
b               = -2.82283e-08     +/- 1.862e-07    (659.6%)
c               = 6.02115e-05      +/- 6.316e-05    (104.9%)
d               = -0.00335768      +/- 0.005802     (172.8%)

correlation matrix of the fit parameters:
                a      b      c      d      
a               1.000 
b              -0.987  1.000 
c               0.926 -0.973  1.000 
d              -0.719  0.795 -0.898  1.000 


*******************************************************************************
Tue Mar 10 23:06:31 2020


FIT:    data read from 'salida_hanoi.dat'
        format = z
        #datapoints = 25
        residuals are weighted equally (unit weight)

function used for fitting: f(x)
	f(x) = a*(2**x)+b
fitted parameters initialized with current variable values

iter      chisq       delta/lim  lambda   a             b             c             d            
   0 2.9513179858e+02   0.00e+00  1.01e+01    5.066579e-09  -2.822826e-08   6.021149e-05  -3.357681e-03
BREAK: Singular matrix in Invert_RtR

*******************************************************************************
Tue Mar 10 23:06:38 2020


FIT:    data read from 'salida_hanoi.dat'
        format = z
        #datapoints = 25
        residuals are weighted equally (unit weight)

function used for fitting: f(x)
	f(x) = a*(2**x)+b
fitted parameters initialized with current variable values

BREAK: no parameter specified

*******************************************************************************
Tue Mar 10 23:06:40 2020


FIT:    data read from 'salida_hanoi.dat'
        format = z
        #datapoints = 25
        residuals are weighted equally (unit weight)

function used for fitting: f(x)
	f(x) = a*(2**x)+b
fitted parameters initialized with current variable values

iter      chisq       delta/lim  lambda   a             b            
   0 3.3685312393e-01   0.00e+00  1.18e+01    4.201072e-09  -2.822819e-08
   1 3.3685312393e-01   0.00e+00  1.18e+00    4.201072e-09  -2.822819e-08

After 1 iterations the fit converged.
final sum of squares of residuals : 0.336853
rel. change during last iteration : 0

degrees of freedom    (FIT_NDF)                        : 23
rms of residuals      (FIT_STDFIT) = sqrt(WSSR/ndf)    : 0.12102
variance of residuals (reduced chisquare) = WSSR/ndf   : 0.0146458

Final set of parameters            Asymptotic Standard Error
=======================            ==========================
a               = 4.20107e-09      +/- 6.503e-12    (0.1548%)
b               = -2.82282e-08     +/- 0.0258       (9.14e+07%)

correlation matrix of the fit parameters:
                a      b      
a               1.000 
b              -0.346  1.000 


*******************************************************************************
Tue Mar 10 23:08:37 2020


FIT:    data read from 'salida_mergesort.dat'
        format = z
        #datapoints = 25
        residuals are weighted equally (unit weight)

function used for fitting: f(x)
	f(x) = a*x+b
fitted parameters initialized with current variable values

iter      chisq       delta/lim  lambda   a             b            
   0 1.1461731312e+01   0.00e+00  8.83e-03    4.201072e-09  -2.822819e-08
   3 1.6334644779e-02  -1.16e-03  8.83e-06    2.317733e-07  -2.906234e-08

After 3 iterations the fit converged.
final sum of squares of residuals : 0.0163346
rel. change during last iteration : -1.15946e-08

degrees of freedom    (FIT_NDF)                        : 23
rms of residuals      (FIT_STDFIT) = sqrt(WSSR/ndf)    : 0.0266496
variance of residuals (reduced chisquare) = WSSR/ndf   : 0.000710202

Final set of parameters            Asymptotic Standard Error
=======================            ==========================
a               = 2.31773e-07      +/- 3.696e-09    (1.595%)
b               = -2.90623e-08     +/- 0.01099      (3.781e+07%)

correlation matrix of the fit parameters:
                a      b      
a               1.000 
b              -0.874  1.000 


*******************************************************************************
Tue Mar 10 23:10:48 2020


FIT:    data read from 'salida_floyd.dat'
        format = z
        #datapoints = 25
        residuals are weighted equally (unit weight)

function used for fitting: f(x)
	f(x) = a*x*x+b*x+c
fitted parameters initialized with current variable values

iter      chisq       delta/lim  lambda   a             b             c            
   0 1.6783231126e+01   0.00e+00  3.53e-02    2.317733e-07  -2.906234e-08   6.021149e-05
   7 4.0689190747e-02  -7.91e-02  3.53e-09    5.899669e-06  -1.825772e-03   1.310870e-01

After 7 iterations the fit converged.
final sum of squares of residuals : 0.0406892
rel. change during last iteration : -7.91248e-07

degrees of freedom    (FIT_NDF)                        : 22
rms of residuals      (FIT_STDFIT) = sqrt(WSSR/ndf)    : 0.0430059
variance of residuals (reduced chisquare) = WSSR/ndf   : 0.00184951

Final set of parameters            Asymptotic Standard Error
=======================            ==========================
a               = 5.89967e-06      +/- 2.06e-07     (3.491%)
b               = -0.00182577      +/- 0.0001655    (9.065%)
c               = 0.131087         +/- 0.02801      (21.37%)

correlation matrix of the fit parameters:
                a      b      c      
a               1.000 
b              -0.971  1.000 
c               0.774 -0.884  1.000 
